<?xml version="1.0" encoding="UTF-8"?>
<!-- Generated by org.testng.reporters.JUnitReportReporter -->
<testsuite skipped="1" hostname="LAPTOP-91C2J4K6" name="com.vcentry.hml.testcase.LoginTest" tests="2" failures="0" timestamp="04 Jul 2022 05:56:52 GMT" time="6.389" errors="0">
  <testcase name="loginWithValidCredentials" time="6.389" classname="com.vcentry.hml.testcase.LoginTest"/>
  <testcase name="loginWithInValidCredentials" classname="com.vcentry.hml.testcase.LoginTest">
    <skipped/>
  </testcase> <!-- loginWithInValidCredentials -->
</testsuite> <!-- com.vcentry.hml.testcase.LoginTest -->
