<?xml version="1.0" encoding="UTF-8"?>
<!-- Generated by org.testng.reporters.JUnitReportReporter -->
<testsuite skipped="0" hostname="LAPTOP-91C2J4K6" name="com.vcentry.hml.testcase.AddDeleteEmp" tests="2" failures="0" timestamp="04 Jul 2022 05:56:52 GMT" time="35.251" errors="0">
  <testcase name="addEmp" time="25.924" classname="com.vcentry.hml.testcase.AddDeleteEmp"/>
  <testcase name="deleteEmp" time="9.327" classname="com.vcentry.hml.testcase.AddDeleteEmp"/>
</testsuite> <!-- com.vcentry.hml.testcase.AddDeleteEmp -->
